============================== Mace4 =================================
Mace4 (64) version 2017-11A (CIIRC), November 2017.
Process 29616 was started by vlad on ubuntu,
Wed Dec 14 20:03:21 2022
The command was "mace4 -f babylonianMathology.in".
============================== end of head ===========================

============================== INPUT =================================

% Reading from file babylonianMathology.in

set(arithmetic).
    % set(arithmetic) -> clear(lnh).
    % set(arithmetic) -> assign(selection_order, 0).

    % Declaring Mace4 arithmetic parse types.
assign(domain_size,10).
    % assign(domain_size, 10) -> assign(start_size, 10).
    % assign(domain_size, 10) -> assign(end_size, 10).
assign(max_models,-1).

list(distinct).
[M,A,R,D,U,K,P,S,T,I].
end_of_list.

formulas(assumptions).
M != 0.
M != 0.
A != 0.
T != 0.
M * 100000 + A * 10000 + R * 1000 + D * 100 + U * 10 + K + M * 10000 + U * 1000 + M * 100 + M * 10 + U + A * 1000 + P * 100 + S * 10 + U = T * 100000 + I * 10000 + A * 1000 + M * 100 + A * 10 + T.
end_of_list.

============================== end of input ==========================

============================== PROCESS NON-CLAUSAL FORMULAS ==========

% Formulas that are not ordinary clauses:

============================== end of process non-clausal formulas ===

============================== CLAUSES FOR SEARCH ====================

formulas(mace4_clauses).
M != 0.
M != 0.
A != 0.
T != 0.
M * 100000 + A * 10000 + R * 1000 + D * 100 + U * 10 + K + M * 10000 + U * 1000 + M * 100 + M * 10 + U + A * 1000 + P * 100 + S * 10 + U = T * 100000 + I * 10000 + A * 1000 + M * 100 + A * 10 + T.
M != A.
M != R.
M != D.
M != U.
M != K.
M != P.
M != S.
M != T.
M != I.
A != R.
A != D.
A != U.
A != K.
A != P.
A != S.
A != T.
A != I.
R != D.
R != U.
R != K.
R != P.
R != S.
R != T.
R != I.
D != U.
D != K.
D != P.
D != S.
D != T.
D != I.
U != K.
U != P.
U != S.
U != T.
U != I.
K != P.
K != S.
K != T.
K != I.
P != S.
P != T.
P != I.
S != T.
S != I.
T != I.
end_of_list.

============================== end of clauses for search =============

% The largest natural number in the input is 100000.

============================== DOMAIN SIZE 10 ========================

============================== MODEL =================================

interpretation( 10, [number=1, seconds=3], [

        function(A, [ 3 ]),

        function(D, [ 1 ]),

        function(I, [ 0 ]),

        function(K, [ 9 ]),

        function(M, [ 6 ]),

        function(P, [ 8 ]),

        function(R, [ 5 ]),

        function(S, [ 2 ]),

        function(T, [ 7 ]),

        function(U, [ 4 ])
]).

============================== end of model ==========================

============================== MODEL =================================

interpretation( 10, [number=2, seconds=3], [

        function(A, [ 3 ]),

        function(D, [ 8 ]),

        function(I, [ 0 ]),

        function(K, [ 9 ]),

        function(M, [ 6 ]),

        function(P, [ 1 ]),

        function(R, [ 5 ]),

        function(S, [ 2 ]),

        function(T, [ 7 ]),

        function(U, [ 4 ])
]).

============================== end of model ==========================

============================== MODEL =================================

interpretation( 10, [number=3, seconds=11], [

        function(A, [ 8 ]),

        function(D, [ 0 ]),

        function(I, [ 3 ]),

        function(K, [ 1 ]),

        function(M, [ 4 ]),

        function(P, [ 9 ]),

        function(R, [ 2 ]),

        function(S, [ 6 ]),

        function(T, [ 5 ]),

        function(U, [ 7 ])
]).

============================== end of model ==========================

============================== MODEL =================================

interpretation( 10, [number=4, seconds=11], [

        function(A, [ 8 ]),

        function(D, [ 9 ]),

        function(I, [ 3 ]),

        function(K, [ 1 ]),

        function(M, [ 4 ]),

        function(P, [ 0 ]),

        function(R, [ 2 ]),

        function(S, [ 6 ]),

        function(T, [ 5 ]),

        function(U, [ 7 ])
]).

============================== end of model ==========================

============================== STATISTICS ============================

For domain size 10.

Current CPU time: 0.00 seconds (total CPU time: 13.59 seconds).
Ground clauses: seen=50, kept=50.
Selections=1824562, assignments=18245620, propagations=2540160, current_models=4.
Rewrite_terms=146537060, rewrite_bools=117935677, indexes=0.
Rules_from_neg_clauses=2540160, cross_offs=6905530.

============================== end of statistics =====================

User_CPU=13.59, System_CPU=0.25, Wall_clock=14.

Exiting with 4 models.

Process 29616 exit (all_models) Wed Dec 14 20:03:35 2022
The process finished Wed Dec 14 20:03:35 2022
