============================== Mace4 =================================
Mace4 (64) version 2017-11A (CIIRC), November 2017.
Process 30311 was started by vlad on ubuntu,
Wed Dec 14 20:15:52 2022
The command was "mace4 -f sendMoreMoney.in".
============================== end of head ===========================

============================== INPUT =================================

% Reading from file sendMoreMoney.in

set(arithmetic).
    % set(arithmetic) -> clear(lnh).
    % set(arithmetic) -> assign(selection_order, 0).

    % Declaring Mace4 arithmetic parse types.
assign(domain_size,10).
    % assign(domain_size, 10) -> assign(start_size, 10).
    % assign(domain_size, 10) -> assign(end_size, 10).
assign(max_models,-1).

list(distinct).
[S,E,N,D,M,O,R,Y].
end_of_list.

formulas(assumptions).
S != 0.
M != 0.
M != 0.
S * 1000 + E * 100 + N * 10 + D + M * 1000 + O * 100 + R * 10 + E = M * 10000 + O * 1000 + N * 100 + E * 10 + Y.
end_of_list.

============================== end of input ==========================

============================== PROCESS NON-CLAUSAL FORMULAS ==========

% Formulas that are not ordinary clauses:

============================== end of process non-clausal formulas ===

============================== CLAUSES FOR SEARCH ====================

formulas(mace4_clauses).
S != 0.
M != 0.
M != 0.
S * 1000 + E * 100 + N * 10 + D + M * 1000 + O * 100 + R * 10 + E = M * 10000 + O * 1000 + N * 100 + E * 10 + Y.
S != E.
S != N.
S != D.
S != M.
S != O.
S != R.
S != Y.
E != N.
E != D.
E != M.
E != O.
E != R.
E != Y.
N != D.
N != M.
N != O.
N != R.
N != Y.
D != M.
D != O.
D != R.
D != Y.
M != O.
M != R.
M != Y.
O != R.
O != Y.
R != Y.
end_of_list.

============================== end of clauses for search =============

% The largest natural number in the input is 10000.

============================== DOMAIN SIZE 10 ========================

============================== MODEL =================================

interpretation( 10, [number=1, seconds=0], [

        function(D, [ 7 ]),

        function(E, [ 5 ]),

        function(M, [ 1 ]),

        function(N, [ 6 ]),

        function(O, [ 0 ]),

        function(R, [ 8 ]),

        function(S, [ 9 ]),

        function(Y, [ 2 ])
]).

============================== end of model ==========================

============================== STATISTICS ============================

For domain size 10.

Current CPU time: 0.00 seconds (total CPU time: 4.58 seconds).
Ground clauses: seen=32, kept=32.
Selections=633682, assignments=6336820, propagations=0, current_models=1.
Rewrite_terms=34352002, rewrite_bools=31724758, indexes=0.
Rules_from_neg_clauses=0, cross_offs=817901.

============================== end of statistics =====================

User_CPU=4.58, System_CPU=0.23, Wall_clock=4.

Exiting with 1 model.

Process 30311 exit (all_models) Wed Dec 14 20:15:56 2022
The process finished Wed Dec 14 20:15:56 2022
