INFO     planner time limit: None
INFO     planner memory limit: None

INFO     Running translator.
INFO     translator stdin: None
INFO     translator time limit: None
INFO     translator memory limit: None
INFO     translator command line string: /usr/bin/python3 /home/vlad/Desktop/DIRNAME/builds/release/bin/translate/translate.py domain.pddl task.pddl --sas-file output.sas
Parsing...
Parsing: [0.000s CPU, 0.001s wall-clock]
Normalizing task... [0.000s CPU, 0.000s wall-clock]
Instantiating...
Generating Datalog program... [0.000s CPU, 0.000s wall-clock]
Normalizing Datalog program...
Normalizing Datalog program: [0.000s CPU, 0.001s wall-clock]
Preparing model... [0.000s CPU, 0.001s wall-clock]
Generated 33 rules.
Computing model... [0.020s CPU, 0.021s wall-clock]
2622 relevant atoms
2654 auxiliary atoms
5276 final queue length
8516 total queue pushes
Completing instantiation... [0.030s CPU, 0.036s wall-clock]
Instantiating: [0.050s CPU, 0.060s wall-clock]
Computing fact groups...
Finding invariants...
7 initial candidates
Finding invariants: [0.010s CPU, 0.002s wall-clock]
Checking invariant weight... [0.000s CPU, 0.000s wall-clock]
Instantiating groups... [0.000s CPU, 0.001s wall-clock]
Collecting mutex groups... [0.000s CPU, 0.000s wall-clock]
Choosing groups...
0 uncovered facts
Choosing groups: [0.000s CPU, 0.001s wall-clock]
Building translation key... [0.000s CPU, 0.000s wall-clock]
Computing fact groups: [0.010s CPU, 0.006s wall-clock]
Building STRIPS to SAS dictionary... [0.000s CPU, 0.000s wall-clock]
Building dictionary for full mutex groups... [0.000s CPU, 0.000s wall-clock]
Building mutex information...
Building mutex information: [0.000s CPU, 0.000s wall-clock]
Translating task...
Processing axioms...
Simplifying axioms... [0.000s CPU, 0.000s wall-clock]
Translator axioms removed by simplifying: 0
Computing negative axioms... [0.000s CPU, 0.000s wall-clock]
Processing axioms: [0.000s CPU, 0.002s wall-clock]
Translating task: [0.040s CPU, 0.037s wall-clock]
0 effect conditions simplified
0 implied preconditions added
Detecting unreachable propositions...
0 operators removed
0 axioms removed
25 propositions removed
Detecting unreachable propositions: [0.020s CPU, 0.015s wall-clock]
Reordering and filtering variables...
25 of 25 variables necessary.
0 of 25 mutex groups necessary.
1920 of 1920 operators necessary.
0 of 0 axiom rules necessary.
Reordering and filtering variables: [0.000s CPU, 0.005s wall-clock]
Translator variables: 25
Translator derived variables: 0
Translator facts: 625
Translator goal facts: 25
Translator mutex groups: 0
Translator total mutex groups size: 0
Translator operators: 1920
Translator axioms: 0
Translator task size: 10275
Translator peak memory: 44136 KB
Writing output... [0.010s CPU, 0.007s wall-clock]
Done! [0.130s CPU, 0.134s wall-clock]
translate exit code: 0

INFO     Running search (release).
INFO     search stdin: output.sas
INFO     search time limit: None
INFO     search memory limit: None
INFO     search command line string: /home/vlad/Desktop/DIRNAME/builds/release/bin/downward --search 'lazy_greedy([cg()], preferred=[cg()])' --internal-plan-file sas_plan < output.sas
[t=2.6783e-05s, 10148 KB] reading input...
[t=0.00423142s, 10720 KB] done reading input!
[t=0.00499481s, 11116 KB] Initializing causal graph heuristic...
[t=0.00502635s, 11116 KB] Initializing heuristic cache... building causal graph...done! [t=0.000191725s]
[t=0.00557524s, 12496 KB] done!
[t=0.00654579s, 13156 KB] Initializing causal graph heuristic...
[t=0.00656562s, 13156 KB] Initializing heuristic cache... done!
[t=0.007871s, 14796 KB] Building successor generator...done!
[t=0.00832005s, 14928 KB] peak memory difference for successor generator creation: 132 KB
[t=0.00833106s, 14928 KB] time for successor generation creation: 0.00040366s
[t=0.00834717s, 14928 KB] Variables: 25
[t=0.00835779s, 14928 KB] FactPairs: 625
[t=0.00836677s, 14928 KB] Bytes per state: 20
[t=0.00844043s, 14928 KB] Conducting lazy best first search, (real) bound = 2147483647
[t=0.00854478s, 14928 KB] New best heuristic value for cg: 49
[t=0.00856141s, 14928 KB] g=0, 1 evaluated, 0 expanded
[t=0.00863968s, 14928 KB] Initial heuristic value for cg: 49
[t=0.00865011s, 14928 KB] Initial heuristic value for cg: 49
[t=0.00890302s, 14928 KB] New best heuristic value for cg: 48
[t=0.00891479s, 14928 KB] g=3, 9 evaluated, 8 expanded
[t=0.00903018s, 14928 KB] New best heuristic value for cg: 46
[t=0.00904015s, 14928 KB] g=5, 13 evaluated, 12 expanded
[t=0.00909333s, 14928 KB] New best heuristic value for cg: 44
[t=0.00910275s, 14928 KB] g=6, 15 evaluated, 14 expanded
[t=0.00953205s, 14928 KB] New best heuristic value for cg: 42
[t=0.00954948s, 14928 KB] g=9, 32 evaluated, 31 expanded
[t=0.0120927s, 14928 KB] New best heuristic value for cg: 40
[t=0.0121126s, 14928 KB] g=18, 152 evaluated, 151 expanded
[t=0.0134057s, 14928 KB] New best heuristic value for cg: 38
[t=0.0134173s, 14928 KB] g=23, 218 evaluated, 217 expanded
[t=0.0135364s, 14928 KB] New best heuristic value for cg: 36
[t=0.0135462s, 14928 KB] g=26, 224 evaluated, 223 expanded
[t=0.0286431s, 14928 KB] New best heuristic value for cg: 34
[t=0.0287079s, 14928 KB] g=40, 1043 evaluated, 1042 expanded
[t=0.0339296s, 14928 KB] New best heuristic value for cg: 32
[t=0.0339605s, 14928 KB] g=48, 1332 evaluated, 1331 expanded
[t=0.416603s, 15976 KB] New best heuristic value for cg: 30
[t=0.416696s, 15976 KB] g=71, 20706 evaluated, 20705 expanded
[t=0.568927s, 16380 KB] New best heuristic value for cg: 28
[t=0.56901s, 16380 KB] g=79, 27636 evaluated, 27635 expanded
[t=0.793735s, 17432 KB] New best heuristic value for cg: 26
[t=0.793814s, 17432 KB] g=96, 39411 evaluated, 39410 expanded
[t=0.822444s, 17432 KB] New best heuristic value for cg: 24
[t=0.822509s, 17432 KB] g=119, 40905 evaluated, 40904 expanded
[t=0.874673s, 17696 KB] New best heuristic value for cg: 22
[t=0.874742s, 17696 KB] g=137, 44011 evaluated, 44010 expanded
[t=2.03975s, 22084 KB] New best heuristic value for cg: 20
[t=2.03982s, 22084 KB] g=184, 109435 evaluated, 109434 expanded
[t=2.04349s, 22084 KB] New best heuristic value for cg: 18
[t=2.04352s, 22084 KB] g=198, 109667 evaluated, 109666 expanded
[t=27.0826s, 119000 KB] New best heuristic value for cg: 16
[t=27.0827s, 119000 KB] g=290, 1495344 evaluated, 1495343 expanded
[t=27.107s, 119000 KB] New best heuristic value for cg: 14
[t=27.1071s, 119000 KB] g=300, 1496695 evaluated, 1496694 expanded
[t=27.8297s, 121660 KB] New best heuristic value for cg: 12
[t=27.8298s, 121660 KB] g=352, 1540811 evaluated, 1540810 expanded
[t=31.9228s, 165136 KB] New best heuristic value for cg: 10
[t=31.9228s, 165136 KB] g=401, 1792643 evaluated, 1792642 expanded
[t=33.1105s, 165136 KB] New best heuristic value for cg: 8
[t=33.1106s, 165136 KB] g=454, 1873710 evaluated, 1873709 expanded
[t=33.1155s, 165136 KB] New best heuristic value for cg: 6
[t=33.1156s, 165136 KB] g=464, 1874072 evaluated, 1874071 expanded
[t=33.852s, 165136 KB] New best heuristic value for cg: 4
[t=33.8521s, 165136 KB] g=558, 1925047 evaluated, 1925046 expanded
[t=36.1781s, 170268 KB] New best heuristic value for cg: 2
[t=36.1782s, 170268 KB] g=685, 2088174 evaluated, 2088173 expanded
[t=36.1782s, 170268 KB] Solution found!
[t=36.1783s, 170268 KB] Actual search time: 36.1698s
move-tile-down tile1 row4 row5 col5 (1)
move-tile-down tile22 row3 row4 col5 (1)
move-tile-right tile8 row3 col4 col5 (1)
move-tile-right tile21 row3 col3 col4 (1)
move-tile-right tile13 row3 col2 col3 (1)
move-tile-down tile12 row2 row3 col2 (1)
move-tile-left tile15 row2 col3 col2 (1)
move-tile-down tile9 row1 row2 col3 (1)
move-tile-right tile3 row1 col2 col3 (1)
move-tile-right tile23 row1 col1 col2 (1)
move-tile-up tile19 row2 row1 col1 (1)
move-tile-up tile18 row3 row2 col1 (1)
move-tile-up tile6 row4 row3 col1 (1)
move-tile-left tile10 row4 col2 col1 (1)
move-tile-up tile16 row5 row4 col2 (1)
move-tile-right tile24 row5 col1 col2 (1)
move-tile-down tile10 row4 row5 col1 (1)
move-tile-left tile16 row4 col2 col1 (1)
move-tile-left tile2 row4 col3 col2 (1)
move-tile-left tile11 row4 col4 col3 (1)
move-tile-down tile21 row3 row4 col4 (1)
move-tile-down tile7 row2 row3 col4 (1)
move-tile-right tile9 row2 col3 col4 (1)
move-tile-right tile15 row2 col2 col3 (1)
move-tile-right tile18 row2 col1 col2 (1)
move-tile-up tile6 row3 row2 col1 (1)
move-tile-up tile16 row4 row3 col1 (1)
move-tile-left tile2 row4 col2 col1 (1)
move-tile-left tile11 row4 col3 col2 (1)
move-tile-up tile4 row5 row4 col3 (1)
move-tile-right tile24 row5 col2 col3 (1)
move-tile-down tile11 row4 row5 col2 (1)
move-tile-left tile4 row4 col3 col2 (1)
move-tile-left tile21 row4 col4 col3 (1)
move-tile-up tile5 row5 row4 col4 (1)
move-tile-right tile24 row5 col3 col4 (1)
move-tile-right tile11 row5 col2 col3 (1)
move-tile-down tile4 row4 row5 col2 (1)
move-tile-left tile21 row4 col3 col2 (1)
move-tile-up tile11 row5 row4 col3 (1)
move-tile-right tile4 row5 col2 col3 (1)
move-tile-down tile21 row4 row5 col2 (1)
move-tile-right tile2 row4 col1 col2 (1)
move-tile-up tile10 row5 row4 col1 (1)
move-tile-left tile21 row5 col2 col1 (1)
move-tile-down tile2 row4 row5 col2 (1)
move-tile-right tile10 row4 col1 col2 (1)
move-tile-down tile16 row3 row4 col1 (1)
move-tile-left tile12 row3 col2 col1 (1)
move-tile-down tile18 row2 row3 col2 (1)
move-tile-down tile23 row1 row2 col2 (1)
move-tile-right tile19 row1 col1 col2 (1)
move-tile-up tile6 row2 row1 col1 (1)
move-tile-left tile23 row2 col2 col1 (1)
move-tile-up tile18 row3 row2 col2 (1)
move-tile-right tile12 row3 col1 col2 (1)
move-tile-down tile23 row2 row3 col1 (1)
move-tile-down tile6 row1 row2 col1 (1)
move-tile-left tile19 row1 col2 col1 (1)
move-tile-up tile18 row2 row1 col2 (1)
move-tile-left tile15 row2 col3 col2 (1)
move-tile-left tile9 row2 col4 col3 (1)
move-tile-up tile7 row3 row2 col4 (1)
move-tile-left tile8 row3 col5 col4 (1)
move-tile-down tile20 row2 row3 col5 (1)
move-tile-right tile7 row2 col4 col5 (1)
move-tile-up tile8 row3 row2 col4 (1)
move-tile-up tile5 row4 row3 col4 (1)
move-tile-left tile22 row4 col5 col4 (1)
move-tile-down tile20 row3 row4 col5 (1)
move-tile-down tile7 row2 row3 col5 (1)
move-tile-right tile8 row2 col4 col5 (1)
move-tile-up tile5 row3 row2 col4 (1)
move-tile-left tile7 row3 col5 col4 (1)
move-tile-down tile8 row2 row3 col5 (1)
move-tile-right tile5 row2 col4 col5 (1)
move-tile-down tile17 row1 row2 col4 (1)
move-tile-left tile14 row1 col5 col4 (1)
move-tile-up tile5 row2 row1 col5 (1)
move-tile-right tile17 row2 col4 col5 (1)
move-tile-right tile9 row2 col3 col4 (1)
move-tile-up tile13 row3 row2 col3 (1)
move-tile-up tile11 row4 row3 col3 (1)
move-tile-left tile22 row4 col4 col3 (1)
move-tile-down tile7 row3 row4 col4 (1)
move-tile-right tile11 row3 col3 col4 (1)
move-tile-down tile13 row2 row3 col3 (1)
move-tile-right tile15 row2 col2 col3 (1)
move-tile-up tile12 row3 row2 col2 (1)
move-tile-up tile10 row4 row3 col2 (1)
move-tile-left tile22 row4 col3 col2 (1)
move-tile-up tile4 row5 row4 col3 (1)
move-tile-right tile2 row5 col2 col3 (1)
move-tile-down tile22 row4 row5 col2 (1)
move-tile-down tile10 row3 row4 col2 (1)
move-tile-down tile12 row2 row3 col2 (1)
move-tile-left tile15 row2 col3 col2 (1)
move-tile-left tile9 row2 col4 col3 (1)
move-tile-left tile17 row2 col5 col4 (1)
move-tile-up tile8 row3 row2 col5 (1)
move-tile-right tile11 row3 col4 col5 (1)
move-tile-down tile17 row2 row3 col4 (1)
move-tile-right tile9 row2 col3 col4 (1)
move-tile-up tile13 row3 row2 col3 (1)
move-tile-left tile17 row3 col4 col3 (1)
move-tile-up tile7 row4 row3 col4 (1)
move-tile-right tile4 row4 col3 col4 (1)
move-tile-down tile17 row3 row4 col3 (1)
move-tile-down tile13 row2 row3 col3 (1)
move-tile-right tile15 row2 col2 col3 (1)
move-tile-up tile12 row3 row2 col2 (1)
move-tile-up tile10 row4 row3 col2 (1)
move-tile-left tile17 row4 col3 col2 (1)
move-tile-down tile13 row3 row4 col3 (1)
move-tile-right tile10 row3 col2 col3 (1)
move-tile-down tile12 row2 row3 col2 (1)
move-tile-left tile15 row2 col3 col2 (1)
move-tile-up tile10 row3 row2 col3 (1)
move-tile-up tile13 row4 row3 col3 (1)
move-tile-left tile4 row4 col4 col3 (1)
move-tile-down tile7 row3 row4 col4 (1)
move-tile-down tile9 row2 row3 col4 (1)
move-tile-down tile14 row1 row2 col4 (1)
move-tile-left tile5 row1 col5 col4 (1)
move-tile-up tile8 row2 row1 col5 (1)
move-tile-right tile14 row2 col4 col5 (1)
move-tile-up tile9 row3 row2 col4 (1)
move-tile-left tile11 row3 col5 col4 (1)
move-tile-down tile14 row2 row3 col5 (1)
move-tile-down tile8 row1 row2 col5 (1)
move-tile-right tile5 row1 col4 col5 (1)
move-tile-up tile9 row2 row1 col4 (1)
move-tile-up tile11 row3 row2 col4 (1)
move-tile-left tile14 row3 col5 col4 (1)
move-tile-down tile8 row2 row3 col5 (1)
move-tile-right tile11 row2 col4 col5 (1)
move-tile-down tile9 row1 row2 col4 (1)
move-tile-right tile3 row1 col3 col4 (1)
move-tile-right tile18 row1 col2 col3 (1)
move-tile-up tile15 row2 row1 col2 (1)
move-tile-left tile10 row2 col3 col2 (1)
move-tile-down tile18 row1 row2 col3 (1)
move-tile-left tile3 row1 col4 col3 (1)
move-tile-up tile9 row2 row1 col4 (1)
move-tile-right tile18 row2 col3 col4 (1)
move-tile-right tile10 row2 col2 col3 (1)
move-tile-down tile15 row1 row2 col2 (1)
move-tile-left tile3 row1 col3 col2 (1)
move-tile-up tile10 row2 row1 col3 (1)
move-tile-left tile18 row2 col4 col3 (1)
move-tile-down tile9 row1 row2 col4 (1)
move-tile-right tile10 row1 col3 col4 (1)
move-tile-right tile3 row1 col2 col3 (1)
move-tile-up tile15 row2 row1 col2 (1)
move-tile-left tile18 row2 col3 col2 (1)
move-tile-up tile13 row3 row2 col3 (1)
move-tile-up tile4 row4 row3 col3 (1)
move-tile-left tile7 row4 col4 col3 (1)
move-tile-down tile14 row3 row4 col4 (1)
move-tile-right tile4 row3 col3 col4 (1)
move-tile-down tile13 row2 row3 col3 (1)
move-tile-left tile9 row2 col4 col3 (1)
move-tile-up tile4 row3 row2 col4 (1)
move-tile-left tile8 row3 col5 col4 (1)
move-tile-down tile11 row2 row3 col5 (1)
move-tile-right tile4 row2 col4 col5 (1)
move-tile-up tile8 row3 row2 col4 (1)
move-tile-up tile14 row4 row3 col4 (1)
move-tile-right tile7 row4 col3 col4 (1)
move-tile-down tile13 row3 row4 col3 (1)
move-tile-down tile9 row2 row3 col3 (1)
move-tile-left tile8 row2 col4 col3 (1)
move-tile-up tile14 row3 row2 col4 (1)
move-tile-right tile9 row3 col3 col4 (1)
move-tile-up tile13 row4 row3 col3 (1)
move-tile-left tile7 row4 col4 col3 (1)
move-tile-down tile9 row3 row4 col4 (1)
move-tile-down tile14 row2 row3 col4 (1)
move-tile-left tile4 row2 col5 col4 (1)
move-tile-down tile5 row1 row2 col5 (1)
move-tile-right tile10 row1 col4 col5 (1)
move-tile-up tile4 row2 row1 col4 (1)
move-tile-left tile5 row2 col5 col4 (1)
move-tile-up tile11 row3 row2 col5 (1)
move-tile-right tile14 row3 col4 col5 (1)
move-tile-down tile5 row2 row3 col4 (1)
move-tile-left tile11 row2 col5 col4 (1)
move-tile-down tile10 row1 row2 col5 (1)
move-tile-right tile4 row1 col4 col5 (1)
move-tile-up tile11 row2 row1 col4 (1)
move-tile-up tile5 row3 row2 col4 (1)
move-tile-left tile14 row3 col5 col4 (1)
move-tile-down tile10 row2 row3 col5 (1)
move-tile-right tile5 row2 col4 col5 (1)
move-tile-down tile11 row1 row2 col4 (1)
move-tile-left tile4 row1 col5 col4 (1)
move-tile-up tile5 row2 row1 col5 (1)
move-tile-up tile10 row3 row2 col5 (1)
move-tile-right tile14 row3 col4 col5 (1)
move-tile-up tile9 row4 row3 col4 (1)
move-tile-right tile7 row4 col3 col4 (1)
move-tile-down tile13 row3 row4 col3 (1)
move-tile-down tile8 row2 row3 col3 (1)
move-tile-left tile11 row2 col4 col3 (1)
move-tile-up tile9 row3 row2 col4 (1)
move-tile-right tile8 row3 col3 col4 (1)
move-tile-up tile13 row4 row3 col3 (1)
move-tile-left tile7 row4 col4 col3 (1)
move-tile-down tile8 row3 row4 col4 (1)
move-tile-left tile14 row3 col5 col4 (1)
move-tile-up tile20 row4 row3 col5 (1)
move-tile-up tile1 row5 row4 col5 (1)
move-tile-right tile24 row5 col4 col5 (1)
move-tile-down tile8 row4 row5 col4 (1)
move-tile-left tile1 row4 col5 col4 (1)
move-tile-down tile20 row3 row4 col5 (1)
move-tile-right tile14 row3 col4 col5 (1)
move-tile-up tile1 row4 row3 col4 (1)
move-tile-up tile8 row5 row4 col4 (1)
move-tile-left tile24 row5 col5 col4 (1)
move-tile-down tile20 row4 row5 col5 (1)
move-tile-right tile8 row4 col4 col5 (1)
move-tile-down tile1 row3 row4 col4 (1)
move-tile-left tile14 row3 col5 col4 (1)
move-tile-up tile8 row4 row3 col5 (1)
move-tile-right tile1 row4 col4 col5 (1)
move-tile-right tile7 row4 col3 col4 (1)
move-tile-up tile2 row5 row4 col3 (1)
move-tile-left tile24 row5 col4 col3 (1)
move-tile-down tile7 row4 row5 col4 (1)
move-tile-left tile1 row4 col5 col4 (1)
move-tile-up tile20 row5 row4 col5 (1)
move-tile-right tile7 row5 col4 col5 (1)
move-tile-right tile24 row5 col3 col4 (1)
move-tile-down tile2 row4 row5 col3 (1)
move-tile-down tile13 row3 row4 col3 (1)
move-tile-down tile11 row2 row3 col3 (1)
move-tile-right tile18 row2 col2 col3 (1)
move-tile-up tile12 row3 row2 col2 (1)
move-tile-left tile11 row3 col3 col2 (1)
move-tile-up tile13 row4 row3 col3 (1)
move-tile-right tile17 row4 col2 col3 (1)
move-tile-down tile11 row3 row4 col2 (1)
move-tile-down tile12 row2 row3 col2 (1)
move-tile-left tile18 row2 col3 col2 (1)
move-tile-up tile13 row3 row2 col3 (1)
move-tile-right tile12 row3 col2 col3 (1)
move-tile-up tile11 row4 row3 col2 (1)
move-tile-left tile17 row4 col3 col2 (1)
move-tile-down tile12 row3 row4 col3 (1)
move-tile-down tile13 row2 row3 col3 (1)
move-tile-right tile18 row2 col2 col3 (1)
move-tile-down tile15 row1 row2 col2 (1)
move-tile-right tile19 row1 col1 col2 (1)
move-tile-up tile6 row2 row1 col1 (1)
move-tile-up tile23 row3 row2 col1 (1)
move-tile-left tile11 row3 col2 col1 (1)
move-tile-down tile15 row2 row3 col2 (1)
move-tile-right tile23 row2 col1 col2 (1)
move-tile-down tile6 row1 row2 col1 (1)
move-tile-left tile19 row1 col2 col1 (1)
move-tile-up tile23 row2 row1 col2 (1)
move-tile-up tile15 row3 row2 col2 (1)
move-tile-up tile17 row4 row3 col2 (1)
move-tile-left tile12 row4 col3 col2 (1)
move-tile-down tile13 row3 row4 col3 (1)
move-tile-down tile18 row2 row3 col3 (1)
move-tile-right tile15 row2 col2 col3 (1)
move-tile-up tile17 row3 row2 col2 (1)
move-tile-up tile12 row4 row3 col2 (1)
move-tile-left tile13 row4 col3 col2 (1)
move-tile-down tile18 row3 row4 col3 (1)
move-tile-down tile15 row2 row3 col3 (1)
move-tile-right tile17 row2 col2 col3 (1)
move-tile-up tile12 row3 row2 col2 (1)
move-tile-up tile13 row4 row3 col2 (1)
move-tile-left tile18 row4 col3 col2 (1)
move-tile-down tile15 row3 row4 col3 (1)
move-tile-right tile13 row3 col2 col3 (1)
move-tile-down tile12 row2 row3 col2 (1)
move-tile-left tile17 row2 col3 col2 (1)
move-tile-up tile13 row3 row2 col3 (1)
move-tile-up tile15 row4 row3 col3 (1)
move-tile-right tile18 row4 col2 col3 (1)
move-tile-down tile12 row3 row4 col2 (1)
move-tile-left tile15 row3 col3 col2 (1)
move-tile-down tile13 row2 row3 col3 (1)
move-tile-right tile17 row2 col2 col3 (1)
move-tile-up tile15 row3 row2 col2 (1)
move-tile-up tile12 row4 row3 col2 (1)
move-tile-left tile18 row4 col3 col2 (1)
move-tile-down tile13 row3 row4 col3 (1)
move-tile-down tile17 row2 row3 col3 (1)
move-tile-right tile15 row2 col2 col3 (1)
move-tile-up tile12 row3 row2 col2 (1)
move-tile-left tile17 row3 col3 col2 (1)
move-tile-up tile13 row4 row3 col3 (1)
move-tile-right tile18 row4 col2 col3 (1)
move-tile-down tile17 row3 row4 col2 (1)
move-tile-down tile12 row2 row3 col2 (1)
move-tile-down tile23 row1 row2 col2 (1)
move-tile-right tile19 row1 col1 col2 (1)
move-tile-up tile6 row2 row1 col1 (1)
move-tile-left tile23 row2 col2 col1 (1)
move-tile-left tile15 row2 col3 col2 (1)
move-tile-down tile3 row1 row2 col3 (1)
move-tile-right tile19 row1 col2 col3 (1)
move-tile-up tile15 row2 row1 col2 (1)
move-tile-right tile23 row2 col1 col2 (1)
move-tile-down tile6 row1 row2 col1 (1)
move-tile-left tile15 row1 col2 col1 (1)
move-tile-left tile19 row1 col3 col2 (1)
move-tile-up tile3 row2 row1 col3 (1)
move-tile-right tile23 row2 col2 col3 (1)
move-tile-down tile19 row1 row2 col2 (1)
move-tile-left tile3 row1 col3 col2 (1)
move-tile-left tile4 row1 col4 col3 (1)
move-tile-up tile9 row2 row1 col4 (1)
move-tile-right tile23 row2 col3 col4 (1)
move-tile-down tile4 row1 row2 col3 (1)
move-tile-right tile3 row1 col2 col3 (1)
move-tile-up tile19 row2 row1 col2 (1)
move-tile-left tile4 row2 col3 col2 (1)
move-tile-left tile23 row2 col4 col3 (1)
move-tile-down tile9 row1 row2 col4 (1)
move-tile-right tile3 row1 col3 col4 (1)
move-tile-up tile23 row2 row1 col3 (1)
move-tile-right tile4 row2 col2 col3 (1)
move-tile-down tile19 row1 row2 col2 (1)
move-tile-left tile23 row1 col3 col2 (1)
move-tile-left tile3 row1 col4 col3 (1)
move-tile-up tile9 row2 row1 col4 (1)
move-tile-right tile4 row2 col3 col4 (1)
move-tile-right tile19 row2 col2 col3 (1)
move-tile-down tile23 row1 row2 col2 (1)
move-tile-left tile3 row1 col3 col2 (1)
move-tile-left tile9 row1 col4 col3 (1)
move-tile-up tile4 row2 row1 col4 (1)
move-tile-right tile19 row2 col3 col4 (1)
move-tile-down tile9 row1 row2 col3 (1)
move-tile-right tile3 row1 col2 col3 (1)
move-tile-up tile23 row2 row1 col2 (1)
move-tile-left tile9 row2 col3 col2 (1)
move-tile-left tile19 row2 col4 col3 (1)
move-tile-up tile14 row3 row2 col4 (1)
move-tile-up tile1 row4 row3 col4 (1)
move-tile-left tile20 row4 col5 col4 (1)
move-tile-down tile8 row3 row4 col5 (1)
move-tile-right tile1 row3 col4 col5 (1)
move-tile-down tile14 row2 row3 col4 (1)
move-tile-left tile10 row2 col5 col4 (1)
move-tile-up tile1 row3 row2 col5 (1)
move-tile-up tile8 row4 row3 col5 (1)
move-tile-right tile20 row4 col4 col5 (1)
move-tile-down tile14 row3 row4 col4 (1)
move-tile-left tile8 row3 col5 col4 (1)
move-tile-down tile1 row2 row3 col5 (1)
move-tile-right tile10 row2 col4 col5 (1)
move-tile-up tile8 row3 row2 col4 (1)
move-tile-up tile14 row4 row3 col4 (1)
move-tile-right tile18 row4 col3 col4 (1)
move-tile-down tile13 row3 row4 col3 (1)
move-tile-down tile19 row2 row3 col3 (1)
move-tile-left tile8 row2 col4 col3 (1)
move-tile-up tile14 row3 row2 col4 (1)
move-tile-right tile19 row3 col3 col4 (1)
move-tile-up tile13 row4 row3 col3 (1)
move-tile-left tile18 row4 col4 col3 (1)
move-tile-down tile19 row3 row4 col4 (1)
move-tile-down tile14 row2 row3 col4 (1)
move-tile-right tile8 row2 col3 col4 (1)
move-tile-down tile3 row1 row2 col3 (1)
move-tile-right tile23 row1 col2 col3 (1)
move-tile-right tile15 row1 col1 col2 (1)
move-tile-up tile6 row2 row1 col1 (1)
move-tile-left tile9 row2 col2 col1 (1)
move-tile-down tile15 row1 row2 col2 (1)
move-tile-left tile23 row1 col3 col2 (1)
move-tile-up tile3 row2 row1 col3 (1)
move-tile-right tile15 row2 col2 col3 (1)
move-tile-right tile9 row2 col1 col2 (1)
move-tile-down tile6 row1 row2 col1 (1)
move-tile-left tile23 row1 col2 col1 (1)
move-tile-up tile9 row2 row1 col2 (1)
move-tile-up tile12 row3 row2 col2 (1)
move-tile-left tile13 row3 col3 col2 (1)
move-tile-down tile15 row2 row3 col3 (1)
move-tile-left tile8 row2 col4 col3 (1)
move-tile-up tile14 row3 row2 col4 (1)
move-tile-right tile15 row3 col3 col4 (1)
move-tile-right tile13 row3 col2 col3 (1)
move-tile-down tile12 row2 row3 col2 (1)
move-tile-left tile8 row2 col3 col2 (1)
move-tile-left tile14 row2 col4 col3 (1)
move-tile-left tile10 row2 col5 col4 (1)
move-tile-up tile1 row3 row2 col5 (1)
move-tile-right tile15 row3 col4 col5 (1)
move-tile-down tile10 row2 row3 col4 (1)
move-tile-right tile14 row2 col3 col4 (1)
move-tile-right tile8 row2 col2 col3 (1)
move-tile-up tile12 row3 row2 col2 (1)
move-tile-left tile13 row3 col3 col2 (1)
move-tile-left tile10 row3 col4 col3 (1)
move-tile-down tile14 row2 row3 col4 (1)
move-tile-right tile8 row2 col3 col4 (1)
move-tile-up tile10 row3 row2 col3 (1)
move-tile-right tile13 row3 col2 col3 (1)
move-tile-down tile12 row2 row3 col2 (1)
move-tile-down tile9 row1 row2 col2 (1)
move-tile-left tile3 row1 col3 col2 (1)
move-tile-up tile10 row2 row1 col3 (1)
move-tile-left tile8 row2 col4 col3 (1)
move-tile-left tile1 row2 col5 col4 (1)
move-tile-down tile5 row1 row2 col5 (1)
move-tile-right tile4 row1 col4 col5 (1)
move-tile-right tile10 row1 col3 col4 (1)
move-tile-right tile3 row1 col2 col3 (1)
move-tile-up tile9 row2 row1 col2 (1)
move-tile-left tile8 row2 col3 col2 (1)
move-tile-left tile1 row2 col4 col3 (1)
move-tile-down tile10 row1 row2 col4 (1)
move-tile-left tile4 row1 col5 col4 (1)
move-tile-up tile5 row2 row1 col5 (1)
move-tile-right tile10 row2 col4 col5 (1)
move-tile-down tile4 row1 row2 col4 (1)
move-tile-right tile3 row1 col3 col4 (1)
move-tile-up tile1 row2 row1 col3 (1)
move-tile-right tile8 row2 col2 col3 (1)
move-tile-down tile9 row1 row2 col2 (1)
move-tile-left tile1 row1 col3 col2 (1)
move-tile-left tile3 row1 col4 col3 (1)
move-tile-up tile4 row2 row1 col4 (1)
move-tile-right tile8 row2 col3 col4 (1)
move-tile-right tile9 row2 col2 col3 (1)
move-tile-right tile6 row2 col1 col2 (1)
move-tile-down tile23 row1 row2 col1 (1)
move-tile-left tile1 row1 col2 col1 (1)
move-tile-up tile6 row2 row1 col2 (1)
move-tile-left tile9 row2 col3 col2 (1)
move-tile-down tile3 row1 row2 col3 (1)
move-tile-right tile6 row1 col2 col3 (1)
move-tile-up tile9 row2 row1 col2 (1)
move-tile-right tile23 row2 col1 col2 (1)
move-tile-down tile1 row1 row2 col1 (1)
move-tile-left tile9 row1 col2 col1 (1)
move-tile-left tile6 row1 col3 col2 (1)
move-tile-up tile3 row2 row1 col3 (1)
move-tile-right tile23 row2 col2 col3 (1)
move-tile-down tile6 row1 row2 col2 (1)
move-tile-right tile9 row1 col1 col2 (1)
move-tile-up tile1 row2 row1 col1 (1)
move-tile-left tile6 row2 col2 col1 (1)
move-tile-left tile23 row2 col3 col2 (1)
move-tile-left tile8 row2 col4 col3 (1)
move-tile-down tile4 row1 row2 col4 (1)
move-tile-right tile3 row1 col3 col4 (1)
move-tile-right tile9 row1 col2 col3 (1)
move-tile-up tile23 row2 row1 col2 (1)
move-tile-left tile8 row2 col3 col2 (1)
move-tile-down tile9 row1 row2 col3 (1)
move-tile-left tile3 row1 col4 col3 (1)
move-tile-up tile4 row2 row1 col4 (1)
move-tile-right tile9 row2 col3 col4 (1)
move-tile-right tile8 row2 col2 col3 (1)
move-tile-up tile12 row3 row2 col2 (1)
move-tile-up tile17 row4 row3 col2 (1)
move-tile-right tile16 row4 col1 col2 (1)
move-tile-down tile11 row3 row4 col1 (1)
move-tile-left tile17 row3 col2 col1 (1)
move-tile-down tile12 row2 row3 col2 (1)
move-tile-right tile6 row2 col1 col2 (1)
move-tile-up tile17 row3 row2 col1 (1)
move-tile-up tile11 row4 row3 col1 (1)
move-tile-left tile16 row4 col2 col1 (1)
move-tile-down tile12 row3 row4 col2 (1)
move-tile-right tile11 row3 col1 col2 (1)
move-tile-down tile17 row2 row3 col1 (1)
move-tile-left tile6 row2 col2 col1 (1)
move-tile-down tile23 row1 row2 col2 (1)
move-tile-right tile1 row1 col1 col2 (1)
move-tile-up tile6 row2 row1 col1 (1)
move-tile-up tile17 row3 row2 col1 (1)
move-tile-left tile11 row3 col2 col1 (1)
move-tile-down tile23 row2 row3 col2 (1)
move-tile-right tile17 row2 col1 col2 (1)
move-tile-down tile6 row1 row2 col1 (1)
move-tile-left tile1 row1 col2 col1 (1)
move-tile-up tile17 row2 row1 col2 (1)
move-tile-left tile8 row2 col3 col2 (1)
move-tile-up tile13 row3 row2 col3 (1)
move-tile-right tile23 row3 col2 col3 (1)
move-tile-up tile12 row4 row3 col2 (1)
move-tile-left tile18 row4 col3 col2 (1)
move-tile-down tile23 row3 row4 col3 (1)
move-tile-down tile13 row2 row3 col3 (1)
move-tile-right tile8 row2 col2 col3 (1)
move-tile-up tile12 row3 row2 col2 (1)
move-tile-up tile18 row4 row3 col2 (1)
move-tile-up tile22 row5 row4 col2 (1)
move-tile-left tile2 row5 col3 col2 (1)
move-tile-down tile23 row4 row5 col3 (1)
move-tile-right tile22 row4 col2 col3 (1)
move-tile-down tile18 row3 row4 col2 (1)
move-tile-down tile12 row2 row3 col2 (1)
move-tile-left tile8 row2 col3 col2 (1)
move-tile-up tile13 row3 row2 col3 (1)
move-tile-up tile22 row4 row3 col3 (1)
move-tile-right tile18 row4 col2 col3 (1)
move-tile-down tile12 row3 row4 col2 (1)
move-tile-left tile22 row3 col3 col2 (1)
move-tile-down tile13 row2 row3 col3 (1)
move-tile-right tile8 row2 col2 col3 (1)
move-tile-right tile6 row2 col1 col2 (1)
move-tile-up tile11 row3 row2 col1 (1)
move-tile-left tile22 row3 col2 col1 (1)
move-tile-up tile12 row4 row3 col2 (1)
move-tile-right tile16 row4 col1 col2 (1)
move-tile-down tile22 row3 row4 col1 (1)
move-tile-down tile11 row2 row3 col1 (1)
move-tile-left tile6 row2 col2 col1 (1)
move-tile-up tile12 row3 row2 col2 (1)
move-tile-right tile11 row3 col1 col2 (1)
move-tile-up tile22 row4 row3 col1 (1)
move-tile-left tile16 row4 col2 col1 (1)
move-tile-up tile2 row5 row4 col2 (1)
move-tile-right tile21 row5 col1 col2 (1)
move-tile-down tile16 row4 row5 col1 (1)
move-tile-down tile22 row3 row4 col1 (1)
move-tile-left tile11 row3 col2 col1 (1)
move-tile-up tile2 row4 row3 col2 (1)
move-tile-right tile22 row4 col1 col2 (1)
move-tile-up tile16 row5 row4 col1 (1)
move-tile-left tile21 row5 col2 col1 (1)
move-tile-down tile22 row4 row5 col2 (1)
move-tile-right tile16 row4 col1 col2 (1)
move-tile-down tile11 row3 row4 col1 (1)
move-tile-left tile2 row3 col2 col1 (1)
move-tile-down tile12 row2 row3 col2 (1)
move-tile-right tile6 row2 col1 col2 (1)
move-tile-up tile2 row3 row2 col1 (1)
move-tile-up tile11 row4 row3 col1 (1)
move-tile-left tile16 row4 col2 col1 (1)
move-tile-down tile12 row3 row4 col2 (1)
move-tile-right tile11 row3 col1 col2 (1)
move-tile-down tile2 row2 row3 col1 (1)
move-tile-left tile6 row2 col2 col1 (1)
move-tile-down tile17 row1 row2 col2 (1)
move-tile-right tile1 row1 col1 col2 (1)
move-tile-up tile6 row2 row1 col1 (1)
move-tile-up tile2 row3 row2 col1 (1)
move-tile-left tile11 row3 col2 col1 (1)
move-tile-down tile17 row2 row3 col2 (1)
move-tile-right tile2 row2 col1 col2 (1)
move-tile-down tile6 row1 row2 col1 (1)
move-tile-left tile1 row1 col2 col1 (1)
move-tile-up tile2 row2 row1 col2 (1)
move-tile-up tile17 row3 row2 col2 (1)
move-tile-up tile12 row4 row3 col2 (1)
move-tile-left tile18 row4 col3 col2 (1)
move-tile-left tile19 row4 col4 col3 (1)
move-tile-up tile24 row5 row4 col4 (1)
move-tile-left tile7 row5 col5 col4 (1)
move-tile-down tile20 row4 row5 col5 (1)
move-tile-right tile24 row4 col4 col5 (1)
move-tile-right tile19 row4 col3 col4 (1)
move-tile-up tile23 row5 row4 col3 (1)
move-tile-left tile7 row5 col4 col3 (1)
move-tile-down tile19 row4 row5 col4 (1)
move-tile-left tile24 row4 col5 col4 (1)
move-tile-up tile20 row5 row4 col5 (1)
move-tile-right tile19 row5 col4 col5 (1)
move-tile-right tile7 row5 col3 col4 (1)
move-tile-down tile23 row4 row5 col3 (1)
move-tile-right tile18 row4 col2 col3 (1)
move-tile-up tile22 row5 row4 col2 (1)
move-tile-left tile23 row5 col3 col2 (1)
move-tile-left tile7 row5 col4 col3 (1)
move-tile-down tile24 row4 row5 col4 (1)
move-tile-right tile18 row4 col3 col4 (1)
move-tile-up tile7 row5 row4 col3 (1)
move-tile-right tile23 row5 col2 col3 (1)
move-tile-down tile22 row4 row5 col2 (1)
move-tile-down tile12 row3 row4 col2 (1)
move-tile-left tile13 row3 col3 col2 (1)
move-tile-up tile7 row4 row3 col3 (1)
move-tile-left tile18 row4 col4 col3 (1)
move-tile-down tile14 row3 row4 col4 (1)
move-tile-right tile7 row3 col3 col4 (1)
move-tile-right tile13 row3 col2 col3 (1)
move-tile-up tile12 row4 row3 col2 (1)
move-tile-left tile18 row4 col3 col2 (1)
move-tile-down tile13 row3 row4 col3 (1)
move-tile-left tile7 row3 col4 col3 (1)
move-tile-up tile14 row4 row3 col4 (1)
move-tile-right tile13 row4 col3 col4 (1)
move-tile-right tile18 row4 col2 col3 (1)
move-tile-down tile12 row3 row4 col2 (1)
move-tile-left tile7 row3 col3 col2 (1)
move-tile-down tile8 row2 row3 col3 (1)
move-tile-right tile17 row2 col2 col3 (1)
move-tile-up tile7 row3 row2 col2 (1)
move-tile-up tile12 row4 row3 col2 (1)
move-tile-left tile18 row4 col3 col2 (1)
move-tile-left tile13 row4 col4 col3 (1)
move-tile-down tile14 row3 row4 col4 (1)
move-tile-right tile8 row3 col3 col4 (1)
move-tile-up tile13 row4 row3 col3 (1)
move-tile-right tile18 row4 col2 col3 (1)
move-tile-down tile12 row3 row4 col2 (1)
move-tile-left tile13 row3 col3 col2 (1)
move-tile-left tile8 row3 col4 col3 (1)
move-tile-up tile14 row4 row3 col4 (1)
move-tile-right tile18 row4 col3 col4 (1)
move-tile-down tile8 row3 row4 col3 (1)
move-tile-right tile13 row3 col2 col3 (1)
move-tile-up tile12 row4 row3 col2 (1)
move-tile-left tile8 row4 col3 col2 (1)
move-tile-down tile13 row3 row4 col3 (1)
move-tile-down tile17 row2 row3 col3 (1)
move-tile-right tile7 row2 col2 col3 (1)
move-tile-up tile12 row3 row2 col2 (1)
move-tile-left tile17 row3 col3 col2 (1)
move-tile-up tile13 row4 row3 col3 (1)
move-tile-right tile8 row4 col2 col3 (1)
move-tile-down tile17 row3 row4 col2 (1)
move-tile-down tile12 row2 row3 col2 (1)
move-tile-left tile7 row2 col3 col2 (1)
move-tile-up tile13 row3 row2 col3 (1)
move-tile-up tile8 row4 row3 col3 (1)
move-tile-left tile18 row4 col4 col3 (1)
move-tile-down tile14 row3 row4 col4 (1)
move-tile-right tile8 row3 col3 col4 (1)
move-tile-down tile13 row2 row3 col3 (1)
move-tile-left tile9 row2 col4 col3 (1)
move-tile-up tile8 row3 row2 col4 (1)
move-tile-up tile14 row4 row3 col4 (1)
move-tile-right tile18 row4 col3 col4 (1)
move-tile-down tile13 row3 row4 col3 (1)
move-tile-down tile9 row2 row3 col3 (1)
move-tile-left tile8 row2 col4 col3 (1)
move-tile-up tile14 row3 row2 col4 (1)
move-tile-right tile9 row3 col3 col4 (1)
move-tile-up tile13 row4 row3 col3 (1)
move-tile-left tile18 row4 col4 col3 (1)
move-tile-left tile20 row4 col5 col4 (1)
move-tile-down tile15 row3 row4 col5 (1)
move-tile-right tile9 row3 col4 col5 (1)
move-tile-down tile14 row2 row3 col4 (1)
move-tile-left tile10 row2 col5 col4 (1)
move-tile-up tile9 row3 row2 col5 (1)
move-tile-up tile15 row4 row3 col5 (1)
move-tile-right tile20 row4 col4 col5 (1)
move-tile-down tile14 row3 row4 col4 (1)
move-tile-down tile10 row2 row3 col4 (1)
move-tile-left tile9 row2 col5 col4 (1)
move-tile-up tile15 row3 row2 col5 (1)
move-tile-right tile10 row3 col4 col5 (1)
move-tile-up tile14 row4 row3 col4 (1)
move-tile-left tile20 row4 col5 col4 (1)
move-tile-down tile10 row3 row4 col5 (1)
move-tile-down tile15 row2 row3 col5 (1)
move-tile-right tile9 row2 col4 col5 (1)
move-tile-up tile14 row3 row2 col4 (1)
move-tile-left tile15 row3 col5 col4 (1)
move-tile-up tile10 row4 row3 col5 (1)
move-tile-right tile20 row4 col4 col5 (1)
move-tile-down tile15 row3 row4 col4 (1)
move-tile-down tile14 row2 row3 col4 (1)
move-tile-left tile9 row2 col5 col4 (1)
move-tile-up tile10 row3 row2 col5 (1)
move-tile-up tile20 row4 row3 col5 (1)
move-tile-up tile19 row5 row4 col5 (1)
move-tile-right tile24 row5 col4 col5 (1)
move-tile-down tile15 row4 row5 col4 (1)
move-tile-left tile19 row4 col5 col4 (1)
move-tile-down tile20 row3 row4 col5 (1)
move-tile-right tile14 row3 col4 col5 (1)
move-tile-up tile19 row4 row3 col4 (1)
move-tile-up tile15 row5 row4 col4 (1)
move-tile-left tile24 row5 col5 col4 (1)
move-tile-down tile20 row4 row5 col5 (1)
move-tile-right tile15 row4 col4 col5 (1)
move-tile-down tile19 row3 row4 col4 (1)
move-tile-left tile14 row3 col5 col4 (1)
move-tile-up tile15 row4 row3 col5 (1)
move-tile-up tile20 row5 row4 col5 (1)
[t=36.1783s, 170268 KB] Plan length: 686 step(s).
[t=36.1783s, 170268 KB] Plan cost: 686
[t=36.1783s, 170268 KB] Expanded 2088174 state(s).
[t=36.1783s, 170268 KB] Reopened 0 state(s).
[t=36.1783s, 170268 KB] Evaluated 2088175 state(s).
[t=36.1783s, 170268 KB] Evaluations: 4176349
[t=36.1783s, 170268 KB] Generated 7024092 state(s).
[t=36.1783s, 170268 KB] Dead ends: 0 state(s).
[t=36.1783s, 170268 KB] Number of registered states: 2088175
[t=36.1783s, 170268 KB] Int hash set load factor: 2088175/4194304 = 0.49786
[t=36.1783s, 170268 KB] Int hash set resizes: 22
[t=36.1783s, 170268 KB] Search time: 36.1699s
[t=36.1783s, 170268 KB] Total time: 36.1783s
Solution found.
Peak memory: 170268 KB
Remove intermediate file output.sas
search exit code: 0

INFO     Planner time: 36.37s
